<?xml version="1.0" encoding="UTF-8"?>
<testsuite xmlns:xsi="http://www.w3.org/2001/XMLSchema-instance" xsi:noNamespaceSchemaLocation="https://maven.apache.org/surefire/maven-surefire-plugin/xsd/surefire-test-report.xsd" version="3.0.2" name="com.indianroadmap.gateway.GatewayRoutingSpec" time="3.857" tests="7" errors="0" skipped="0" failures="0" flakes="0">
  <properties>
[...]
</properties>
  <testcase name="application context loads" classname="GatewayRoutingSpec" time="3.161">
    <system-out><![CDATA[
  .   ____          _            __ _ _
 /\\ / ___'_ __ _ _(_)_ __  __ _ \ \ \ \
( ( )\___ | '_ | '_| | '_ \/ _` | \ \ \ \
 \\/  ___)| |_)| | | | | || (_| |  ) ) ) )
  '  |____| .__|_| |_|_| |_\__, | / / / /
 =========|_|==============|___/=/_/_/_/

 :: Spring Boot ::                (v4.1.0)

2026-08-11T12:58:01.776+05:30  INFO 6755 --- [api-gateway] [           main] c.i.gateway.GatewayRoutingSpec           : Starting GatewayRoutingSpec using Java 26.0.2 with PID 6755 (started by aditibodkhe in /Users/aditibodkhe/IdeaProjects/IndianRoadmap-1.0/backend/api-gateway)
2026-08-11T12:58:01.777+05:30  INFO 6755 --- [api-gateway] [           main] c.i.gateway.GatewayRoutingSpec           : The following 1 profile is active: "test"
2026-08-11T12:58:02.658+05:30  INFO 6755 --- [api-gateway] [           main] o.s.cloud.context.scope.GenericScope     : BeanFactory id=a0a15068-48e8-3508-ab6f-a5db8d3e9857
2026-08-11T12:58:03.417+05:30  WARN 6755 --- [api-gateway] [           main] o.h.v.i.m.a.CascadingMetaDataBuilder     : HV000271: Using `@Valid` on a container (java.util.List) is deprecated. You should apply the annotation on the type argument(s). Affected element: routes
2026-08-11T12:58:03.512+05:30  INFO 6755 --- [api-gateway] [           main] o.s.c.g.r.RouteDefinitionRouteLocator    : Loaded RoutePredicateFactory [After]
2026-08-11T12:58:03.513+05:30  INFO 6755 --- [api-gateway] [           main] o.s.c.g.r.RouteDefinitionRouteLocator    : Loaded RoutePredicateFactory [Before]
2026-08-11T12:58:03.513+05:30  INFO 6755 --- [api-gateway] [           main] o.s.c.g.r.RouteDefinitionRouteLocator    : Loaded RoutePredicateFactory [Between]
2026-08-11T12:58:03.513+05:30  INFO 6755 --- [api-gateway] [           main] o.s.c.g.r.RouteDefinitionRouteLocator    : Loaded RoutePredicateFactory [Cookie]
2026-08-11T12:58:03.513+05:30  INFO 6755 --- [api-gateway] [           main] o.s.c.g.r.RouteDefinitionRouteLocator    : Loaded RoutePredicateFactory [Header]
2026-08-11T12:58:03.513+05:30  INFO 6755 --- [api-gateway] [           main] o.s.c.g.r.RouteDefinitionRouteLocator    : Loaded RoutePredicateFactory [Host]
2026-08-11T12:58:03.513+05:30  INFO 6755 --- [api-gateway] [           main] o.s.c.g.r.RouteDefinitionRouteLocator    : Loaded RoutePredicateFactory [Method]
2026-08-11T12:58:03.513+05:30  INFO 6755 --- [api-gateway] [           main] o.s.c.g.r.RouteDefinitionRouteLocator    : Loaded RoutePredicateFactory [Path]
2026-08-11T12:58:03.513+05:30  INFO 6755 --- [api-gateway] [           main] o.s.c.g.r.RouteDefinitionRouteLocator    : Loaded RoutePredicateFactory [Query]
2026-08-11T12:58:03.513+05:30  INFO 6755 --- [api-gateway] [           main] o.s.c.g.r.RouteDefinitionRouteLocator    : Loaded RoutePredicateFactory [ReadBody]
2026-08-11T12:58:03.513+05:30  INFO 6755 --- [api-gateway] [           main] o.s.c.g.r.RouteDefinitionRouteLocator    : Loaded RoutePredicateFactory [RemoteAddr]
2026-08-11T12:58:03.513+05:30  INFO 6755 --- [api-gateway] [           main] o.s.c.g.r.RouteDefinitionRouteLocator    : Loaded RoutePredicateFactory [Version]
2026-08-11T12:58:03.513+05:30  INFO 6755 --- [api-gateway] [           main] o.s.c.g.r.RouteDefinitionRouteLocator    : Loaded RoutePredicateFactory [XForwardedRemoteAddr]
2026-08-11T12:58:03.514+05:30  INFO 6755 --- [api-gateway] [           main] o.s.c.g.r.RouteDefinitionRouteLocator    : Loaded RoutePredicateFactory [Weight]
2026-08-11T12:58:03.514+05:30  INFO 6755 --- [api-gateway] [           main] o.s.c.g.r.RouteDefinitionRouteLocator    : Loaded RoutePredicateFactory [CloudFoundryRouteService]
2026-08-11T12:58:03.671+05:30  INFO 6755 --- [api-gateway] [           main] o.s.b.a.e.web.EndpointLinksResolver      : Exposing 2 endpoints beneath base path '/actuator'
2026-08-11T12:58:04.022+05:30  INFO 6755 --- [api-gateway] [           main] o.s.boot.reactor.netty.NettyWebServer    : Netty started on port 49982 (http)
2026-08-11T12:58:04.052+05:30  INFO 6755 --- [api-gateway] [           main] c.i.gateway.GatewayRoutingSpec           : Started GatewayRoutingSpec in 2.478 seconds (process running for 3.993)
2026-08-11T12:58:04.055+05:30  WARN 6755 --- [api-gateway] [           main] o.s.core.events.SpringDocAppInitializer  : SpringDoc /api-docs endpoint is enabled by default. To disable it in production, set the property 'springdoc.api-docs.enabled=false'
2026-08-11T12:58:04.055+05:30  WARN 6755 --- [api-gateway] [           main] o.s.core.events.SpringDocAppInitializer  : SpringDoc /swagger-ui.html endpoint is enabled by default. To disable it in production, set the property 'springdoc.swagger-ui.enabled=false'
]]></system-out>
    <system-err><![CDATA[Mockito is currently self-attaching to enable the inline-mock-maker. This will no longer work in future releases of the JDK. Please add Mockito as an agent to your build as described in Mockito's documentation: https://javadoc.io/doc/org.mockito/mockito-core/latest/org.mockito/org/mockito/Mockito.html#0.3
WARNING: A Java agent has been loaded dynamically (/Users/aditibodkhe/.m2/repository/net/bytebuddy/byte-buddy-agent/1.18.10/byte-buddy-agent-1.18.10.jar)
WARNING: If a serviceability tool is in use, please run with -XX:+EnableDynamicAgentLoading to hide this warning
WARNING: If a serviceability tool is not in use, please run with -Djdk.instrument.traceUsage for more information
WARNING: Dynamic loading of agents will be disallowed by default in a future release
]]></system-err>
  </testcase>
  <testcase name="JwtService bean exists" classname="GatewayRoutingSpec" time="0.017"/>
  <testcase name="InMemoryRateLimiter bean exists" classname="GatewayRoutingSpec" time="0.006"/>
  <testcase name="health endpoint works" classname="GatewayRoutingSpec" time="0.331">
    <system-out><![CDATA[2026-08-11T12:58:04.700+05:30 ERROR 6755 --- [api-gateway] [           main] i.n.r.d.DnsServerAddressStreamProviders  : Unable to load io.netty.resolver.dns.macos.MacOSDnsServerAddressStreamProvider, fallback to system defaults. This may result in incorrect DNS resolutions on MacOS. Check whether you have a dependency on 'io.netty:netty-resolver-dns-native-macos'. Use DEBUG level to see the full stack: java.lang.UnsatisfiedLinkError: failed to load the required native library
]]></system-out>
  </testcase>
  <testcase name="protected user endpoint requires authentication" classname="GatewayRoutingSpec" time="0.017"/>
  <testcase name="public auth endpoint passes through gateway when downstream unavailable" classname="GatewayRoutingSpec" time="0.038">
    <system-out><![CDATA[2026-08-11T12:58:05.007+05:30  INFO 6755 --- [api-gateway] [ctor-http-nio-4] c.i.gateway.filter.RequestLoggingFilter  : correlationId=9558cf5a-7d7b-4044-a1fb-f0910f94628c method=POST path=/api/v1/auth/login status=503 durationMs=15
]]></system-out>
  </testcase>
  <testcase name="public ai endpoint does not require authentication" classname="GatewayRoutingSpec" time="0.283">
    <system-out><![CDATA[2026-08-11T12:58:05.289+05:30  INFO 6755 --- [api-gateway] [ctor-http-nio-7] c.i.gateway.filter.RequestLoggingFilter  : correlationId=de5249aa-8e2e-4f91-89c5-c7972bb4ad8c method=POST path=/api/ai/recommendations/mood status=200 durationMs=260
]]></system-out>
  </testcase>
</testsuite>